 BELLHOP- Dickins seamount                                                       
 frequency =   230.0     Hz

 Dummy parameter NMedia =            1

     C-LINEAR approximation to SSP
     Attenuation units: dB/wavelength
     VACUUM

 Depth =    9.9296505878581502      m

 C-Linear SSP option

 Sound speed profile:
      0.00      1506.62
      0.30      1506.62
      0.40      1506.64
      0.50      1506.65
      0.60      1506.63
      0.70      1506.55
      0.79      1506.60
      0.89      1506.59
      0.99      1506.44
      1.09      1506.22
      1.19      1506.15
      1.29      1504.40
      1.39      1504.12
      1.49      1504.28
      1.59      1503.89
      1.69      1503.83
      1.79      1503.82
      1.89      1503.70
      1.99      1503.66
      2.09      1503.62
      2.18      1503.47
      2.28      1503.18
      2.38      1502.39
      2.48      1501.97
      2.58      1501.67
      2.68      1501.49
      2.78      1501.30
      2.88      1501.20
      2.98      1500.97
      3.08      1500.74
      3.18      1500.50
      3.28      1500.07
      3.38      1499.52
      3.48      1498.54
      3.57      1498.65
      3.67      1498.96
      3.77      1498.07
      3.87      1497.44
      3.97      1495.82
      4.07      1495.49
      4.17      1495.58
      4.27      1495.94
      4.37      1496.06
      4.47      1496.30
      4.57      1496.80
      4.67      1497.83
      4.77      1497.82
      4.87      1498.09
      4.96      1498.56
      5.06      1498.56
      5.16      1498.76
      5.26      1498.98
      5.36      1500.00
      5.46      1501.32
      5.56      1501.87
      5.66      1502.29
      5.76      1502.52
      5.86      1502.83
      5.96      1503.03
      6.06      1503.17
      6.16      1503.39
      6.26      1503.49
      6.36      1503.63
      6.45      1503.70
      6.55      1503.76
      6.65      1503.82
      6.75      1503.85
      6.85      1503.92
      6.95      1504.19
      7.05      1504.23
      7.15      1504.32
      7.25      1504.31
      7.35      1504.36
      7.45      1504.39
      7.55      1504.39
      7.65      1504.41
      7.75      1504.44
      7.84      1504.44
      7.94      1504.44
      8.04      1504.44
      8.14      1504.45
      8.24      1504.45
      8.34      1504.48
      8.44      1504.50
      8.54      1504.49
      8.64      1504.53
      8.74      1504.54
      8.84      1504.55
      8.94      1504.54
      9.04      1504.54
      9.14      1504.53
      9.23      1504.55
      9.33      1504.55
      9.43      1504.55
      9.53      1504.55
      9.63      1504.55
      9.73      1504.55
      9.83      1504.55
      9.93      1504.55

                                 ( RMS roughness =   0.00     )
     ACOUSTO-ELASTIC half-space
      9.93      1504.55      0.00     1.50       0.5000    0.0000

 Number of sources   =            1
 Source depths (m)
   18.0000    

 Number of receivers =          201
 Receiver depths (m)
   0.00000      0.500000       1.00000       1.50000       2.00000    
   2.50000       3.00000       3.50000       4.00000       4.50000    
   5.00000       5.50000       6.00000       6.50000       7.00000    
   7.50000       8.00000       8.50000       9.00000       9.50000    
   10.0000    
  ...    100.000000    

 *** WARNING ***
 Generated by program or subroutine: SdRdRMod
 Source below the bottom bdry has been moved up


 *** WARNING ***
 Generated by program or subroutine: SdRdRMod
 Receiver above the top bdry has been moved down


 *** WARNING ***
 Generated by program or subroutine: SdRdRMod
 Receiver below the bottom bdry has been moved up


 *** WARNING ***
 Generated by program or subroutine: SdRdRMod
 Receiver below the bottom bdry has been moved up


 *** WARNING ***
 Generated by program or subroutine: SdRdRMod
 Receiver below the bottom bdry has been moved up


 *** WARNING ***
 Generated by program or subroutine: SdRdRMod
 Receiver below the bottom bdry has been moved up


 *** WARNING ***
 Generated by program or subroutine: SdRdRMod
 Receiver below the bottom bdry has been moved up


 *** WARNING ***
 Generated by program or subroutine: SdRdRMod
 Receiver below the bottom bdry has been moved up


 *** WARNING ***
 Generated by program or subroutine: SdRdRMod
 Receiver below the bottom bdry has been moved up


 *** WARNING ***
 Generated by program or subroutine: SdRdRMod
 Receiver below the bottom bdry has been moved up


 *** WARNING ***
 Generated by program or subroutine: SdRdRMod
 Receiver below the bottom bdry has been moved up


 *** WARNING ***
 Generated by program or subroutine: SdRdRMod
 Receiver below the bottom bdry has been moved up


 *** WARNING ***
 Generated by program or subroutine: SdRdRMod
 Receiver below the bottom bdry has been moved up


 *** WARNING ***
 Generated by program or subroutine: SdRdRMod
 Receiver below the bottom bdry has been moved up


 *** WARNING ***
 Generated by program or subroutine: SdRdRMod
 Receiver below the bottom bdry has been moved up


 *** WARNING ***
 Generated by program or subroutine: SdRdRMod
 Receiver below the bottom bdry has been moved up


 *** WARNING ***
 Generated by program or subroutine: SdRdRMod
 Receiver below the bottom bdry has been moved up


 *** WARNING ***
 Generated by program or subroutine: SdRdRMod
 Receiver below the bottom bdry has been moved up


 *** WARNING ***
 Generated by program or subroutine: SdRdRMod
 Receiver below the bottom bdry has been moved up


 *** WARNING ***
 Generated by program or subroutine: SdRdRMod
 Receiver below the bottom bdry has been moved up


 *** WARNING ***
 Generated by program or subroutine: SdRdRMod
 Receiver below the bottom bdry has been moved up


 *** WARNING ***
 Generated by program or subroutine: SdRdRMod
 Receiver below the bottom bdry has been moved up


 *** WARNING ***
 Generated by program or subroutine: SdRdRMod
 Receiver below the bottom bdry has been moved up


 *** WARNING ***
 Generated by program or subroutine: SdRdRMod
 Receiver below the bottom bdry has been moved up


 *** WARNING ***
 Generated by program or subroutine: SdRdRMod
 Receiver below the bottom bdry has been moved up


 *** WARNING ***
 Generated by program or subroutine: SdRdRMod
 Receiver below the bottom bdry has been moved up


 *** WARNING ***
 Generated by program or subroutine: SdRdRMod
 Receiver below the bottom bdry has been moved up


 *** WARNING ***
 Generated by program or subroutine: SdRdRMod
 Receiver below the bottom bdry has been moved up


 *** WARNING ***
 Generated by program or subroutine: SdRdRMod
 Receiver below the bottom bdry has been moved up


 *** WARNING ***
 Generated by program or subroutine: SdRdRMod
 Receiver below the bottom bdry has been moved up


 *** WARNING ***
 Generated by program or subroutine: SdRdRMod
 Receiver below the bottom bdry has been moved up


 *** WARNING ***
 Generated by program or subroutine: SdRdRMod
 Receiver below the bottom bdry has been moved up


 *** WARNING ***
 Generated by program or subroutine: SdRdRMod
 Receiver below the bottom bdry has been moved up


 *** WARNING ***
 Generated by program or subroutine: SdRdRMod
 Receiver below the bottom bdry has been moved up


 *** WARNING ***
 Generated by program or subroutine: SdRdRMod
 Receiver below the bottom bdry has been moved up


 *** WARNING ***
 Generated by program or subroutine: SdRdRMod
 Receiver below the bottom bdry has been moved up


 *** WARNING ***
 Generated by program or subroutine: SdRdRMod
 Receiver below the bottom bdry has been moved up


 *** WARNING ***
 Generated by program or subroutine: SdRdRMod
 Receiver below the bottom bdry has been moved up


 *** WARNING ***
 Generated by program or subroutine: SdRdRMod
 Receiver below the bottom bdry has been moved up


 *** WARNING ***
 Generated by program or subroutine: SdRdRMod
 Receiver below the bottom bdry has been moved up


 *** WARNING ***
 Generated by program or subroutine: SdRdRMod
 Receiver below the bottom bdry has been moved up


 *** WARNING ***
 Generated by program or subroutine: SdRdRMod
 Receiver below the bottom bdry has been moved up


 *** WARNING ***
 Generated by program or subroutine: SdRdRMod
 Receiver below the bottom bdry has been moved up


 *** WARNING ***
 Generated by program or subroutine: SdRdRMod
 Receiver below the bottom bdry has been moved up


 *** WARNING ***
 Generated by program or subroutine: SdRdRMod
 Receiver below the bottom bdry has been moved up


 *** WARNING ***
 Generated by program or subroutine: SdRdRMod
 Receiver below the bottom bdry has been moved up


 *** WARNING ***
 Generated by program or subroutine: SdRdRMod
 Receiver below the bottom bdry has been moved up


 *** WARNING ***
 Generated by program or subroutine: SdRdRMod
 Receiver below the bottom bdry has been moved up


 *** WARNING ***
 Generated by program or subroutine: SdRdRMod
 Receiver below the bottom bdry has been moved up


 *** WARNING ***
 Generated by program or subroutine: SdRdRMod
 Receiver below the bottom bdry has been moved up


 *** WARNING ***
 Generated by program or subroutine: SdRdRMod
 Receiver below the bottom bdry has been moved up


 *** WARNING ***
 Generated by program or subroutine: SdRdRMod
 Receiver below the bottom bdry has been moved up


 *** WARNING ***
 Generated by program or subroutine: SdRdRMod
 Receiver below the bottom bdry has been moved up


 *** WARNING ***
 Generated by program or subroutine: SdRdRMod
 Receiver below the bottom bdry has been moved up


 *** WARNING ***
 Generated by program or subroutine: SdRdRMod
 Receiver below the bottom bdry has been moved up


 *** WARNING ***
 Generated by program or subroutine: SdRdRMod
 Receiver below the bottom bdry has been moved up


 *** WARNING ***
 Generated by program or subroutine: SdRdRMod
 Receiver below the bottom bdry has been moved up


 *** WARNING ***
 Generated by program or subroutine: SdRdRMod
 Receiver below the bottom bdry has been moved up


 *** WARNING ***
 Generated by program or subroutine: SdRdRMod
 Receiver below the bottom bdry has been moved up


 *** WARNING ***
 Generated by program or subroutine: SdRdRMod
 Receiver below the bottom bdry has been moved up


 *** WARNING ***
 Generated by program or subroutine: SdRdRMod
 Receiver below the bottom bdry has been moved up


 *** WARNING ***
 Generated by program or subroutine: SdRdRMod
 Receiver below the bottom bdry has been moved up


 *** WARNING ***
 Generated by program or subroutine: SdRdRMod
 Receiver below the bottom bdry has been moved up


 *** WARNING ***
 Generated by program or subroutine: SdRdRMod
 Receiver below the bottom bdry has been moved up


 *** WARNING ***
 Generated by program or subroutine: SdRdRMod
 Receiver below the bottom bdry has been moved up


 *** WARNING ***
 Generated by program or subroutine: SdRdRMod
 Receiver below the bottom bdry has been moved up


 *** WARNING ***
 Generated by program or subroutine: SdRdRMod
 Receiver below the bottom bdry has been moved up


 *** WARNING ***
 Generated by program or subroutine: SdRdRMod
 Receiver below the bottom bdry has been moved up


 *** WARNING ***
 Generated by program or subroutine: SdRdRMod
 Receiver below the bottom bdry has been moved up


 *** WARNING ***
 Generated by program or subroutine: SdRdRMod
 Receiver below the bottom bdry has been moved up


 *** WARNING ***
 Generated by program or subroutine: SdRdRMod
 Receiver below the bottom bdry has been moved up


 *** WARNING ***
 Generated by program or subroutine: SdRdRMod
 Receiver below the bottom bdry has been moved up


 *** WARNING ***
 Generated by program or subroutine: SdRdRMod
 Receiver below the bottom bdry has been moved up


 *** WARNING ***
 Generated by program or subroutine: SdRdRMod
 Receiver below the bottom bdry has been moved up


 *** WARNING ***
 Generated by program or subroutine: SdRdRMod
 Receiver below the bottom bdry has been moved up


 *** WARNING ***
 Generated by program or subroutine: SdRdRMod
 Receiver below the bottom bdry has been moved up


 *** WARNING ***
 Generated by program or subroutine: SdRdRMod
 Receiver below the bottom bdry has been moved up


 *** WARNING ***
 Generated by program or subroutine: SdRdRMod
 Receiver below the bottom bdry has been moved up


 *** WARNING ***
 Generated by program or subroutine: SdRdRMod
 Receiver below the bottom bdry has been moved up


 *** WARNING ***
 Generated by program or subroutine: SdRdRMod
 Receiver below the bottom bdry has been moved up


 *** WARNING ***
 Generated by program or subroutine: SdRdRMod
 Receiver below the bottom bdry has been moved up


 *** WARNING ***
 Generated by program or subroutine: SdRdRMod
 Receiver below the bottom bdry has been moved up


 *** WARNING ***
 Generated by program or subroutine: SdRdRMod
 Receiver below the bottom bdry has been moved up


 *** WARNING ***
 Generated by program or subroutine: SdRdRMod
 Receiver below the bottom bdry has been moved up


 *** WARNING ***
 Generated by program or subroutine: SdRdRMod
 Receiver below the bottom bdry has been moved up


 *** WARNING ***
 Generated by program or subroutine: SdRdRMod
 Receiver below the bottom bdry has been moved up


 *** WARNING ***
 Generated by program or subroutine: SdRdRMod
 Receiver below the bottom bdry has been moved up


 *** WARNING ***
 Generated by program or subroutine: SdRdRMod
 Receiver below the bottom bdry has been moved up


 *** WARNING ***
 Generated by program or subroutine: SdRdRMod
 Receiver below the bottom bdry has been moved up


 *** WARNING ***
 Generated by program or subroutine: SdRdRMod
 Receiver below the bottom bdry has been moved up


 *** WARNING ***
 Generated by program or subroutine: SdRdRMod
 Receiver below the bottom bdry has been moved up


 *** WARNING ***
 Generated by program or subroutine: SdRdRMod
 Receiver below the bottom bdry has been moved up


 *** WARNING ***
 Generated by program or subroutine: SdRdRMod
 Receiver below the bottom bdry has been moved up


 *** WARNING ***
 Generated by program or subroutine: SdRdRMod
 Receiver below the bottom bdry has been moved up


 *** WARNING ***
 Generated by program or subroutine: SdRdRMod
 Receiver below the bottom bdry has been moved up


 *** WARNING ***
 Generated by program or subroutine: SdRdRMod
 Receiver below the bottom bdry has been moved up


 *** WARNING ***
 Generated by program or subroutine: SdRdRMod
 Receiver below the bottom bdry has been moved up


 *** WARNING ***
 Generated by program or subroutine: SdRdRMod
 Receiver below the bottom bdry has been moved up


 *** WARNING ***
 Generated by program or subroutine: SdRdRMod
 Receiver below the bottom bdry has been moved up


 *** WARNING ***
 Generated by program or subroutine: SdRdRMod
 Receiver below the bottom bdry has been moved up


 *** WARNING ***
 Generated by program or subroutine: SdRdRMod
 Receiver below the bottom bdry has been moved up


 *** WARNING ***
 Generated by program or subroutine: SdRdRMod
 Receiver below the bottom bdry has been moved up


 *** WARNING ***
 Generated by program or subroutine: SdRdRMod
 Receiver below the bottom bdry has been moved up


 *** WARNING ***
 Generated by program or subroutine: SdRdRMod
 Receiver below the bottom bdry has been moved up


 *** WARNING ***
 Generated by program or subroutine: SdRdRMod
 Receiver below the bottom bdry has been moved up


 *** WARNING ***
 Generated by program or subroutine: SdRdRMod
 Receiver below the bottom bdry has been moved up


 *** WARNING ***
 Generated by program or subroutine: SdRdRMod
 Receiver below the bottom bdry has been moved up


 *** WARNING ***
 Generated by program or subroutine: SdRdRMod
 Receiver below the bottom bdry has been moved up


 *** WARNING ***
 Generated by program or subroutine: SdRdRMod
 Receiver below the bottom bdry has been moved up


 *** WARNING ***
 Generated by program or subroutine: SdRdRMod
 Receiver below the bottom bdry has been moved up


 *** WARNING ***
 Generated by program or subroutine: SdRdRMod
 Receiver below the bottom bdry has been moved up


 *** WARNING ***
 Generated by program or subroutine: SdRdRMod
 Receiver below the bottom bdry has been moved up


 *** WARNING ***
 Generated by program or subroutine: SdRdRMod
 Receiver below the bottom bdry has been moved up


 *** WARNING ***
 Generated by program or subroutine: SdRdRMod
 Receiver below the bottom bdry has been moved up


 *** WARNING ***
 Generated by program or subroutine: SdRdRMod
 Receiver below the bottom bdry has been moved up


 *** WARNING ***
 Generated by program or subroutine: SdRdRMod
 Receiver below the bottom bdry has been moved up


 *** WARNING ***
 Generated by program or subroutine: SdRdRMod
 Receiver below the bottom bdry has been moved up


 *** WARNING ***
 Generated by program or subroutine: SdRdRMod
 Receiver below the bottom bdry has been moved up


 *** WARNING ***
 Generated by program or subroutine: SdRdRMod
 Receiver below the bottom bdry has been moved up


 *** WARNING ***
 Generated by program or subroutine: SdRdRMod
 Receiver below the bottom bdry has been moved up


 *** WARNING ***
 Generated by program or subroutine: SdRdRMod
 Receiver below the bottom bdry has been moved up


 *** WARNING ***
 Generated by program or subroutine: SdRdRMod
 Receiver below the bottom bdry has been moved up


 *** WARNING ***
 Generated by program or subroutine: SdRdRMod
 Receiver below the bottom bdry has been moved up


 *** WARNING ***
 Generated by program or subroutine: SdRdRMod
 Receiver below the bottom bdry has been moved up


 *** WARNING ***
 Generated by program or subroutine: SdRdRMod
 Receiver below the bottom bdry has been moved up


 *** WARNING ***
 Generated by program or subroutine: SdRdRMod
 Receiver below the bottom bdry has been moved up


 *** WARNING ***
 Generated by program or subroutine: SdRdRMod
 Receiver below the bottom bdry has been moved up


 *** WARNING ***
 Generated by program or subroutine: SdRdRMod
 Receiver below the bottom bdry has been moved up


 *** WARNING ***
 Generated by program or subroutine: SdRdRMod
 Receiver below the bottom bdry has been moved up


 *** WARNING ***
 Generated by program or subroutine: SdRdRMod
 Receiver below the bottom bdry has been moved up


 *** WARNING ***
 Generated by program or subroutine: SdRdRMod
 Receiver below the bottom bdry has been moved up


 *** WARNING ***
 Generated by program or subroutine: SdRdRMod
 Receiver below the bottom bdry has been moved up


 *** WARNING ***
 Generated by program or subroutine: SdRdRMod
 Receiver below the bottom bdry has been moved up


 *** WARNING ***
 Generated by program or subroutine: SdRdRMod
 Receiver below the bottom bdry has been moved up


 *** WARNING ***
 Generated by program or subroutine: SdRdRMod
 Receiver below the bottom bdry has been moved up


 *** WARNING ***
 Generated by program or subroutine: SdRdRMod
 Receiver below the bottom bdry has been moved up


 *** WARNING ***
 Generated by program or subroutine: SdRdRMod
 Receiver below the bottom bdry has been moved up


 *** WARNING ***
 Generated by program or subroutine: SdRdRMod
 Receiver below the bottom bdry has been moved up


 *** WARNING ***
 Generated by program or subroutine: SdRdRMod
 Receiver below the bottom bdry has been moved up


 *** WARNING ***
 Generated by program or subroutine: SdRdRMod
 Receiver below the bottom bdry has been moved up


 *** WARNING ***
 Generated by program or subroutine: SdRdRMod
 Receiver below the bottom bdry has been moved up


 *** WARNING ***
 Generated by program or subroutine: SdRdRMod
 Receiver below the bottom bdry has been moved up


 *** WARNING ***
 Generated by program or subroutine: SdRdRMod
 Receiver below the bottom bdry has been moved up


 *** WARNING ***
 Generated by program or subroutine: SdRdRMod
 Receiver below the bottom bdry has been moved up


 *** WARNING ***
 Generated by program or subroutine: SdRdRMod
 Receiver below the bottom bdry has been moved up


 *** WARNING ***
 Generated by program or subroutine: SdRdRMod
 Receiver below the bottom bdry has been moved up


 *** WARNING ***
 Generated by program or subroutine: SdRdRMod
 Receiver below the bottom bdry has been moved up


 *** WARNING ***
 Generated by program or subroutine: SdRdRMod
 Receiver below the bottom bdry has been moved up


 *** WARNING ***
 Generated by program or subroutine: SdRdRMod
 Receiver below the bottom bdry has been moved up


 *** WARNING ***
 Generated by program or subroutine: SdRdRMod
 Receiver below the bottom bdry has been moved up


 *** WARNING ***
 Generated by program or subroutine: SdRdRMod
 Receiver below the bottom bdry has been moved up


 *** WARNING ***
 Generated by program or subroutine: SdRdRMod
 Receiver below the bottom bdry has been moved up


 *** WARNING ***
 Generated by program or subroutine: SdRdRMod
 Receiver below the bottom bdry has been moved up


 *** WARNING ***
 Generated by program or subroutine: SdRdRMod
 Receiver below the bottom bdry has been moved up


 *** WARNING ***
 Generated by program or subroutine: SdRdRMod
 Receiver below the bottom bdry has been moved up


 *** WARNING ***
 Generated by program or subroutine: SdRdRMod
 Receiver below the bottom bdry has been moved up


 *** WARNING ***
 Generated by program or subroutine: SdRdRMod
 Receiver below the bottom bdry has been moved up


 *** WARNING ***
 Generated by program or subroutine: SdRdRMod
 Receiver below the bottom bdry has been moved up


 *** WARNING ***
 Generated by program or subroutine: SdRdRMod
 Receiver below the bottom bdry has been moved up


 *** WARNING ***
 Generated by program or subroutine: SdRdRMod
 Receiver below the bottom bdry has been moved up


 *** WARNING ***
 Generated by program or subroutine: SdRdRMod
 Receiver below the bottom bdry has been moved up


 *** WARNING ***
 Generated by program or subroutine: SdRdRMod
 Receiver below the bottom bdry has been moved up


 *** WARNING ***
 Generated by program or subroutine: SdRdRMod
 Receiver below the bottom bdry has been moved up


 *** WARNING ***
 Generated by program or subroutine: SdRdRMod
 Receiver below the bottom bdry has been moved up


 *** WARNING ***
 Generated by program or subroutine: SdRdRMod
 Receiver below the bottom bdry has been moved up


 *** WARNING ***
 Generated by program or subroutine: SdRdRMod
 Receiver below the bottom bdry has been moved up


 *** WARNING ***
 Generated by program or subroutine: SdRdRMod
 Receiver below the bottom bdry has been moved up


 *** WARNING ***
 Generated by program or subroutine: SdRdRMod
 Receiver below the bottom bdry has been moved up


 *** WARNING ***
 Generated by program or subroutine: SdRdRMod
 Receiver below the bottom bdry has been moved up


 *** WARNING ***
 Generated by program or subroutine: SdRdRMod
 Receiver below the bottom bdry has been moved up


 *** WARNING ***
 Generated by program or subroutine: SdRdRMod
 Receiver below the bottom bdry has been moved up


 *** WARNING ***
 Generated by program or subroutine: SdRdRMod
 Receiver below the bottom bdry has been moved up


 *** WARNING ***
 Generated by program or subroutine: SdRdRMod
 Receiver below the bottom bdry has been moved up


 *** WARNING ***
 Generated by program or subroutine: SdRdRMod
 Receiver below the bottom bdry has been moved up


 *** WARNING ***
 Generated by program or subroutine: SdRdRMod
 Receiver below the bottom bdry has been moved up


 *** WARNING ***
 Generated by program or subroutine: SdRdRMod
 Receiver below the bottom bdry has been moved up


 *** WARNING ***
 Generated by program or subroutine: SdRdRMod
 Receiver below the bottom bdry has been moved up


 *** WARNING ***
 Generated by program or subroutine: SdRdRMod
 Receiver below the bottom bdry has been moved up


 *** WARNING ***
 Generated by program or subroutine: SdRdRMod
 Receiver below the bottom bdry has been moved up


 *** WARNING ***
 Generated by program or subroutine: SdRdRMod
 Receiver below the bottom bdry has been moved up


 *** WARNING ***
 Generated by program or subroutine: SdRdRMod
 Receiver below the bottom bdry has been moved up


 *** WARNING ***
 Generated by program or subroutine: SdRdRMod
 Receiver below the bottom bdry has been moved up


 *** WARNING ***
 Generated by program or subroutine: SdRdRMod
 Receiver below the bottom bdry has been moved up


 Number of ranges   =         1001
 Receiver ranges (km)
   0.00000      0.500000E-02  0.100000E-01  0.150000E-01  0.200000E-01
  0.250000E-01  0.300000E-01  0.350000E-01  0.400000E-01  0.450000E-01
  0.500000E-01  0.550000E-01  0.600000E-01  0.650000E-01  0.700000E-01
  0.750000E-01  0.800000E-01  0.850000E-01  0.900000E-01  0.950000E-01
  0.100000    
  ...    5.00000000    

 Coherent TL calculation
 Geometric hat beams
 Point source (cylindrical coordinates)
 Rectilinear receiver grid: Receivers at rr( : ) x rd( : )

 Number of beams   =         2001
 Beam take-off angles (degrees)
  -90.0000      -89.9100      -89.8200      -89.7300      -89.6400    
  -89.5500      -89.4600      -89.3700      -89.2800      -89.1900    
  -89.1000      -89.0100      -88.9200      -88.8300      -88.7400    
  -88.6500      -88.5600      -88.4700      -88.3800      -88.2900    
  -88.2000    

 Step length,     deltas =   0.99296505878581509      m

 Maximum ray Depth, zBox =    3100.0000000000000      m
 Maximum ray range, rBox =    5000.0000000000000      m
 No beam shift in effect


 Tracing beam            1  -90.000000000000000     

 Minimum width beams                     
 halfwidth  =    45.631509968319023     
 EpsOpt     =  (  0.0000000000000000     ,  1504552.6458480840     )
 EpsMult    =    1.0000000000000000     

 Tracing beam           41  -86.400000000000006     
 Tracing beam           81  -82.799999999999997     
 Tracing beam          121  -79.200000000000003     
 Tracing beam          161  -75.599999999999994     
 Tracing beam          201  -71.999999999999986     
 Tracing beam          241  -68.400000000000006     
 Tracing beam          281  -64.799999999999997     
 Tracing beam          321  -61.200000000000003     
 Tracing beam          361  -57.600000000000001     
 Tracing beam          401  -54.000000000000000     
 Tracing beam          441  -50.399999999999999     
 Tracing beam          481  -46.800000000000004     
 Tracing beam          521  -43.200000000000003     
 Tracing beam          561  -39.600000000000001     
 Tracing beam          601  -35.999999999999993     
 Tracing beam          641  -32.400000000000006     
 Tracing beam          681  -28.800000000000001     
 Tracing beam          721  -25.200000000000003     
 Tracing beam          761  -21.600000000000009     
 Tracing beam          801  -17.999999999999996     
 Tracing beam          841  -14.400000000000004     
 Tracing beam          881  -10.799999999999997     
 Tracing beam          921  -7.2000000000000020     
 Tracing beam          961  -3.6000000000000081     
 Tracing beam         1001   0.0000000000000000     
 Tracing beam         1041   3.5999999999999939     
 Tracing beam         1081   7.2000000000000020     
 Tracing beam         1121   10.799999999999997     
 Tracing beam         1161   14.399999999999991     
 Tracing beam         1201   17.999999999999996     
 Tracing beam         1241   21.599999999999994     
 Tracing beam         1281   25.199999999999989     
 Tracing beam         1321   28.799999999999997     
 Tracing beam         1361   32.399999999999991     
 Tracing beam         1401   35.999999999999993     
 Tracing beam         1441   39.599999999999994     
 Tracing beam         1481   43.199999999999989     
 Tracing beam         1521   46.799999999999983     
 Tracing beam         1561   50.400000000000006     
 Tracing beam         1601   54.000000000000000     
 Tracing beam         1641   57.599999999999994     
 Tracing beam         1681   61.199999999999989     
 Tracing beam         1721   64.799999999999983     
 Tracing beam         1761   68.400000000000006     
 Tracing beam         1801   71.999999999999986     
 Tracing beam         1841   75.599999999999994     
 Tracing beam         1881   79.199999999999989     
 Tracing beam         1921   82.799999999999983     
 Tracing beam         1961   86.400000000000006     
 Tracing beam         2001   90.000000000000000     

 CPU Time =        1.62    s
